0 info it worked if it ends with ok
1 verbose cli [ '/usr/local/bin/node',
1 verbose cli   '/usr/local/bin/npm',
1 verbose cli   'install',
1 verbose cli   '-g',
1 verbose cli   'requirejsr.js',
1 verbose cli   '-o',
1 verbose cli   'app.build.jssdf' ]
2 info using npm@1.3.25
3 info using node@v0.11.12-pre
4 verbose cache add [ 'requirejsr.js', null ]
5 verbose cache add name=undefined spec="requirejsr.js" args=["requirejsr.js",null]
6 verbose parsed url { protocol: null,
6 verbose parsed url   slashes: null,
6 verbose parsed url   auth: null,
6 verbose parsed url   host: null,
6 verbose parsed url   port: null,
6 verbose parsed url   hostname: null,
6 verbose parsed url   hash: null,
6 verbose parsed url   search: null,
6 verbose parsed url   query: null,
6 verbose parsed url   pathname: 'requirejsr.js',
6 verbose parsed url   path: 'requirejsr.js',
6 verbose parsed url   href: 'requirejsr.js' }
7 verbose cache add [ 'app.build.jssdf', null ]
8 verbose cache add name=undefined spec="app.build.jssdf" args=["app.build.jssdf",null]
9 verbose parsed url { protocol: null,
9 verbose parsed url   slashes: null,
9 verbose parsed url   auth: null,
9 verbose parsed url   host: null,
9 verbose parsed url   port: null,
9 verbose parsed url   hostname: null,
9 verbose parsed url   hash: null,
9 verbose parsed url   search: null,
9 verbose parsed url   query: null,
9 verbose parsed url   pathname: 'app.build.jssdf',
9 verbose parsed url   path: 'app.build.jssdf',
9 verbose parsed url   href: 'app.build.jssdf' }
10 silly lockFile 82c372a6-requirejsr-js requirejsr.js
11 verbose lock requirejsr.js /Users/ican/.npm/82c372a6-requirejsr-js.lock
12 silly lockFile f1d4bdfd-app-build-jssdf app.build.jssdf
13 verbose lock app.build.jssdf /Users/ican/.npm/f1d4bdfd-app-build-jssdf.lock
14 silly lockFile 82c372a6-requirejsr-js requirejsr.js
15 silly lockFile 82c372a6-requirejsr-js requirejsr.js
16 silly lockFile f1d4bdfd-app-build-jssdf app.build.jssdf
17 silly lockFile f1d4bdfd-app-build-jssdf app.build.jssdf
18 verbose addNamed [ 'requirejsr.js', '' ]
19 verbose addNamed [ null, '*' ]
20 silly lockFile 01ad0bd4-requirejsr-js requirejsr.js@
21 verbose lock requirejsr.js@ /Users/ican/.npm/01ad0bd4-requirejsr-js.lock
22 verbose addNamed [ 'app.build.jssdf', '' ]
23 verbose addNamed [ null, '*' ]
24 silly lockFile 74d0862f-app-build-jssdf app.build.jssdf@
25 verbose lock app.build.jssdf@ /Users/ican/.npm/74d0862f-app-build-jssdf.lock
26 silly addNameRange { name: 'requirejsr.js', range: '*', hasData: false }
27 silly addNameRange { name: 'app.build.jssdf', range: '*', hasData: false }
28 verbose url raw requirejsr.js
29 verbose url resolving [ 'https://registry.npmjs.org/', './requirejsr.js' ]
30 verbose url resolved https://registry.npmjs.org/requirejsr.js
31 info trying registry request attempt 1 at 11:22:48
32 http GET https://registry.npmjs.org/requirejsr.js
33 verbose url raw app.build.jssdf
34 verbose url resolving [ 'https://registry.npmjs.org/', './app.build.jssdf' ]
35 verbose url resolved https://registry.npmjs.org/app.build.jssdf
36 info trying registry request attempt 1 at 11:22:48
37 http GET https://registry.npmjs.org/app.build.jssdf
38 http 404 https://registry.npmjs.org/app.build.jssdf
39 silly registry.get cb [ 404,
39 silly registry.get   { date: 'Sun, 06 Apr 2014 15:23:02 GMT',
39 silly registry.get     server: 'CouchDB/1.5.0 (Erlang OTP/R14B04)',
39 silly registry.get     'content-type': 'application/json',
39 silly registry.get     via: '1.1 varnish, 1.1 varnish',
39 silly registry.get     'cache-control': 'max-age=0',
39 silly registry.get     'content-length': '52',
39 silly registry.get     'accept-ranges': 'bytes',
39 silly registry.get     age: '0',
39 silly registry.get     'x-served-by': 'cache-v44-ASH, cache-at50-ATL',
39 silly registry.get     'x-cache': 'MISS, MISS',
39 silly registry.get     'x-cache-hits': '0, 0',
39 silly registry.get     'x-timer': 'S1396797782.694022655,VS0,VS6,VE259,VE266',
39 silly registry.get     connection: 'close' } ]
40 silly lockFile 74d0862f-app-build-jssdf app.build.jssdf@
41 silly lockFile 74d0862f-app-build-jssdf app.build.jssdf@
42 error 404 'app.build.jssdf' is not in the npm registry.
42 error 404 You should bug the author to publish it
42 error 404
42 error 404 Note that you can also install from a
42 error 404 tarball, folder, or http url, or git url.
43 error System Darwin 13.1.0
44 error command "/usr/local/bin/node" "/usr/local/bin/npm" "install" "-g" "requirejsr.js" "-o" "app.build.jssdf"
45 error cwd /Users/ican/Dropbox/appcubator/appcubator-jsonbrowser
46 error node -v v0.11.12-pre
47 error npm -v 1.3.25
48 error code E404
49 verbose exit [ 1, true ]
